<?xml version="1.0" encoding="UTF-8"?>
<!-- Generated by org.testng.reporters.JUnitReportReporter -->
<testsuite hostname="KunalPC" failures="1" tests="15" name="AakashVeloity.HomePageTestAakash" time="48.814" errors="0" timestamp="2023-03-13T11:28:10 IST" skipped="0">
  <testcase classname="AakashVeloity.HomePageTestAakash" name="homepageTitleTest" time="2.484"/>
  <system-out/>
  <testcase classname="AakashVeloity.HomePageTestAakash" name="homepageTitleTest" time="3.051"/>
  <system-out/>
  <testcase classname="AakashVeloity.HomePageTestAakash" name="homepageTitleTest" time="2.861"/>
  <system-out/>
  <testcase classname="AakashVeloity.HomePageTestAakash" name="homePageURL" time="2.811"/>
  <system-out/>
  <testcase classname="AakashVeloity.HomePageTestAakash" name="homePageURL" time="4.725">
    <failure message="The following asserts failed:
	expected [https://rahulshettyacademy.com/client/auth/login] but found [https://rahulshettyacademy.com/client/dashboard/dash]" type="java.lang.AssertionError">
      <![CDATA[java.lang.AssertionError: The following asserts failed:
expected [https://rahulshettyacademy.com/client/auth/login] but found [https://rahulshettyacademy.com/client/dashboard/dash]
at org.testng.asserts.SoftAssert.assertAll(SoftAssert.java:47)
at org.testng.asserts.SoftAssert.assertAll(SoftAssert.java:31)
at AakashVeloity.HomePageTestAakash.homePageURL(HomePageTestAakash.java:96)
at java.base/jdk.internal.reflect.DirectMethodHandleAccessor.invoke(DirectMethodHandleAccessor.java:104)
at java.base/java.lang.reflect.Method.invoke(Method.java:578)
at org.testng.internal.MethodInvocationHelper.invokeMethod(MethodInvocationHelper.java:133)
at org.testng.internal.TestInvoker.invokeMethod(TestInvoker.java:598)
at org.testng.internal.TestInvoker.invokeTestMethod(TestInvoker.java:173)
at org.testng.internal.MethodRunner.runInSequence(MethodRunner.java:46)
at org.testng.internal.TestInvoker$MethodInvocationAgent.invoke(TestInvoker.java:824)
at org.testng.internal.TestInvoker.invokeTestMethods(TestInvoker.java:146)
at org.testng.internal.TestMethodWorker.invokeTestMethods(TestMethodWorker.java:146)
at org.testng.internal.TestMethodWorker.run(TestMethodWorker.java:128)
at java.base/java.util.concurrent.ThreadPoolExecutor.runWorker(ThreadPoolExecutor.java:1144)
at java.base/java.util.concurrent.ThreadPoolExecutor$Worker.run(ThreadPoolExecutor.java:642)
at java.base/java.lang.Thread.run(Thread.java:1589)
]]>
    </failure>
  </testcase> <!-- homePageURL -->
  <system-out/>
  <testcase classname="AakashVeloity.HomePageTestAakash" name="homePageURL" time="4.275"/>
  <system-out/>
  <testcase classname="AakashVeloity.HomePageTestAakash" name="logoTest" time="3.270"/>
  <system-out/>
  <testcase classname="AakashVeloity.HomePageTestAakash" name="logoTest" time="2.920"/>
  <system-out/>
  <testcase classname="AakashVeloity.HomePageTestAakash" name="logoTest" time="4.506"/>
  <system-out/>
  <testcase classname="AakashVeloity.HomePageTestAakash" name="addToCartCart" time="2.926"/>
  <system-out/>
  <testcase classname="AakashVeloity.HomePageTestAakash" name="addToCartCart" time="3.178"/>
  <system-out/>
  <testcase classname="AakashVeloity.HomePageTestAakash" name="addToCartCart" time="2.811"/>
  <system-out/>
  <testcase classname="AakashVeloity.HomePageTestAakash" name="clickCart" time="3.000"/>
  <system-out/>
  <testcase classname="AakashVeloity.HomePageTestAakash" name="clickCart" time="3.233"/>
  <system-out/>
  <testcase classname="AakashVeloity.HomePageTestAakash" name="clickCart" time="2.763"/>
  <system-out/>
</testsuite> <!-- AakashVeloity.HomePageTestAakash -->
